<?xml version="1.0" encoding="UTF-8" ?>
<testsuite tests="16" failures="0" name="com.zendesk.controller.ticket.TicketSearchControllerTest" time="0.567" errors="0" skipped="0">
  <properties>
[...]
</properties>
  <testcase classname="com.zendesk.controller.ticket.TicketSearchControllerTest" name="testPerformSearchForOrganzationId" time="0.022"/>
  <testcase classname="com.zendesk.controller.ticket.TicketSearchControllerTest" name="testPerformSearchForAssigneeId" time="0.009"/>
  <testcase classname="com.zendesk.controller.ticket.TicketSearchControllerTest" name="testPerformSearchForType" time="0.067"/>
  <testcase classname="com.zendesk.controller.ticket.TicketSearchControllerTest" name="testPerformSearchForUrl" time="0.005"/>
  <testcase classname="com.zendesk.controller.ticket.TicketSearchControllerTest" name="testPerformSearchForSubmitterId" time="0.005"/>
  <testcase classname="com.zendesk.controller.ticket.TicketSearchControllerTest" name="testPerformSearchForDueDate" time="0.002"/>
  <testcase classname="com.zendesk.controller.ticket.TicketSearchControllerTest" name="testPerformSearchForSubject" time="0.002"/>
  <testcase classname="com.zendesk.controller.ticket.TicketSearchControllerTest" name="testPerformSearchForHasIncidents" time="0.139"/>
  <testcase classname="com.zendesk.controller.ticket.TicketSearchControllerTest" name="testPerformSearchForPriority" time="0.097"/>
  <testcase classname="com.zendesk.controller.ticket.TicketSearchControllerTest" name="testPerformSearchForDescription" time="0.002"/>
  <testcase classname="com.zendesk.controller.ticket.TicketSearchControllerTest" name="testPerformSearchForStatus" time="0.085"/>
  <testcase classname="com.zendesk.controller.ticket.TicketSearchControllerTest" name="testPerformSearchForVia" time="0.107"/>
  <testcase classname="com.zendesk.controller.ticket.TicketSearchControllerTest" name="testPerformSearchForExternalId" time="0.002"/>
  <testcase classname="com.zendesk.controller.ticket.TicketSearchControllerTest" name="testPerformSearchForCreatedAt" time="0.002"/>
  <testcase classname="com.zendesk.controller.ticket.TicketSearchControllerTest" name="testPerformSearchForTags" time="0.02"/>
  <testcase classname="com.zendesk.controller.ticket.TicketSearchControllerTest" name="testPerformSearchForId" time="0.001"/>
</testsuite>