<?xml version="1.0" encoding="UTF-8" ?>
<testsuite tests="19" failures="0" name="com.zendesk.controller.user.UserSearchControllerTest" time="46.575" errors="0" skipped="0">
  <properties>
[...]
</properties>
  <testcase classname="com.zendesk.controller.user.UserSearchControllerTest" name="testPerformSearchForOrganizatonId" time="0.997"/>
  <testcase classname="com.zendesk.controller.user.UserSearchControllerTest" name="testPerformSearchForAlias" time="0.189"/>
  <testcase classname="com.zendesk.controller.user.UserSearchControllerTest" name="testPerformSearchForShared" time="4.695"/>
  <testcase classname="com.zendesk.controller.user.UserSearchControllerTest" name="testPerformSearchForPhone" time="0.177"/>
  <testcase classname="com.zendesk.controller.user.UserSearchControllerTest" name="testPerformSearchForLastLoginAt" time="0.18"/>
  <testcase classname="com.zendesk.controller.user.UserSearchControllerTest" name="testPerformSearchForTimezone" time="0.176"/>
  <testcase classname="com.zendesk.controller.user.UserSearchControllerTest" name="testPerformSearchForRole" time="4.233"/>
  <testcase classname="com.zendesk.controller.user.UserSearchControllerTest" name="testPerformSearchForSuspended" time="5.985"/>
  <testcase classname="com.zendesk.controller.user.UserSearchControllerTest" name="testPerformSearchForSignature" time="12.607"/>
  <testcase classname="com.zendesk.controller.user.UserSearchControllerTest" name="testPerformSearchForUrl" time="0.179"/>
  <testcase classname="com.zendesk.controller.user.UserSearchControllerTest" name="testPerformSearchForEmail" time="0.179"/>
  <testcase classname="com.zendesk.controller.user.UserSearchControllerTest" name="testPerformSearchForVerified" time="4.319"/>
  <testcase classname="com.zendesk.controller.user.UserSearchControllerTest" name="testPerformSearchForActive" time="6.471"/>
  <testcase classname="com.zendesk.controller.user.UserSearchControllerTest" name="testPerformSearchForLocale" time="5.3"/>
  <testcase classname="com.zendesk.controller.user.UserSearchControllerTest" name="testPerformSearchForName" time="0.177"/>
  <testcase classname="com.zendesk.controller.user.UserSearchControllerTest" name="testPerformSearchForId" time="0.177"/>
  <testcase classname="com.zendesk.controller.user.UserSearchControllerTest" name="testPerformSearchForCreatedAt" time="0.179"/>
  <testcase classname="com.zendesk.controller.user.UserSearchControllerTest" name="testPerformSearchForTags" time="0.178"/>
  <testcase classname="com.zendesk.controller.user.UserSearchControllerTest" name="testPerformSearchForExternalId" time="0.177"/>
</testsuite>